<?xml version="1.0" encoding="UTF-8"?>
<testsuite xmlns:xsi="http://www.w3.org/2001/XMLSchema-instance" xsi:noNamespaceSchemaLocation="https://maven.apache.org/surefire/maven-surefire-plugin/xsd/surefire-test-report.xsd" name="br.unitau.inf.cursos.CursosApplicationTests" time="6.861" tests="1" errors="0" skipped="0" failures="0">
  <properties>
    <property name="java.specification.version" value="17"/>
    <property name="sun.cpu.isalist" value="amd64"/>
    <property name="sun.jnu.encoding" value="Cp1252"/>
    <property name="java.class.path" value="C:\Users\ander\Desktop\Faculdade\PI\workspace\cursos\target\test-classes;C:\Users\ander\Desktop\Faculdade\PI\workspace\cursos\target\classes;C:\Users\ander\.m2\repository\org\springframework\boot\spring-boot-starter-data-jpa\2.7.16\spring-boot-starter-data-jpa-2.7.16.jar;C:\Users\ander\.m2\repository\org\springframework\boot\spring-boot-starter-aop\2.7.16\spring-boot-starter-aop-2.7.16.jar;C:\Users\ander\.m2\repository\org\springframework\spring-aop\5.3.30\spring-aop-5.3.30.jar;C:\Users\ander\.m2\repository\org\aspectj\aspectjweaver\1.9.7\aspectjweaver-1.9.7.jar;C:\Users\ander\.m2\repository\org\springframework\boot\spring-boot-starter-jdbc\2.7.16\spring-boot-starter-jdbc-2.7.16.jar;C:\Users\ander\.m2\repository\com\zaxxer\HikariCP\4.0.3\HikariCP-4.0.3.jar;C:\Users\ander\.m2\repository\org\springframework\spring-jdbc\5.3.30\spring-jdbc-5.3.30.jar;C:\Users\ander\.m2\repository\jakarta\transaction\jakarta.transaction-api\1.3.3\jakarta.transaction-api-1.3.3.jar;C:\Users\ander\.m2\repository\jakarta\persistence\jakarta.persistence-api\2.2.3\jakarta.persistence-api-2.2.3.jar;C:\Users\ander\.m2\repository\org\hibernate\hibernate-core\5.6.15.Final\hibernate-core-5.6.15.Final.jar;C:\Users\ander\.m2\repository\org\jboss\logging\jboss-logging\3.4.3.Final\jboss-logging-3.4.3.Final.jar;C:\Users\ander\.m2\repository\net\bytebuddy\byte-buddy\1.12.23\byte-buddy-1.12.23.jar;C:\Users\ander\.m2\repository\antlr\antlr\2.7.7\antlr-2.7.7.jar;C:\Users\ander\.m2\repository\org\jboss\jandex\2.4.2.Final\jandex-2.4.2.Final.jar;C:\Users\ander\.m2\repository\com\fasterxml\classmate\1.5.1\classmate-1.5.1.jar;C:\Users\ander\.m2\repository\org\hibernate\common\hibernate-commons-annotations\5.1.2.Final\hibernate-commons-annotations-5.1.2.Final.jar;C:\Users\ander\.m2\repository\org\glassfish\jaxb\jaxb-runtime\2.3.8\jaxb-runtime-2.3.8.jar;C:\Users\ander\.m2\repository\org\glassfish\jaxb\txw2\2.3.8\txw2-2.3.8.jar;C:\Users\ander\.m2\repository\com\sun\istack\istack-commons-runtime\3.0.12\istack-commons-runtime-3.0.12.jar;C:\Users\ander\.m2\repository\com\sun\activation\jakarta.activation\1.2.2\jakarta.activation-1.2.2.jar;C:\Users\ander\.m2\repository\org\springframework\data\spring-data-jpa\2.7.16\spring-data-jpa-2.7.16.jar;C:\Users\ander\.m2\repository\org\springframework\data\spring-data-commons\2.7.16\spring-data-commons-2.7.16.jar;C:\Users\ander\.m2\repository\org\springframework\spring-orm\5.3.30\spring-orm-5.3.30.jar;C:\Users\ander\.m2\repository\org\springframework\spring-context\5.3.30\spring-context-5.3.30.jar;C:\Users\ander\.m2\repository\org\springframework\spring-tx\5.3.30\spring-tx-5.3.30.jar;C:\Users\ander\.m2\repository\org\springframework\spring-beans\5.3.30\spring-beans-5.3.30.jar;C:\Users\ander\.m2\repository\org\slf4j\slf4j-api\1.7.36\slf4j-api-1.7.36.jar;C:\Users\ander\.m2\repository\org\springframework\spring-aspects\5.3.30\spring-aspects-5.3.30.jar;C:\Users\ander\.m2\repository\org\springframework\boot\spring-boot-starter-validation\2.7.16\spring-boot-starter-validation-2.7.16.jar;C:\Users\ander\.m2\repository\org\springframework\boot\spring-boot-starter\2.7.16\spring-boot-starter-2.7.16.jar;C:\Users\ander\.m2\repository\org\springframework\boot\spring-boot-starter-logging\2.7.16\spring-boot-starter-logging-2.7.16.jar;C:\Users\ander\.m2\repository\ch\qos\logback\logback-classic\1.2.12\logback-classic-1.2.12.jar;C:\Users\ander\.m2\repository\ch\qos\logback\logback-core\1.2.12\logback-core-1.2.12.jar;C:\Users\ander\.m2\repository\org\apache\logging\log4j\log4j-to-slf4j\2.17.2\log4j-to-slf4j-2.17.2.jar;C:\Users\ander\.m2\repository\org\apache\logging\log4j\log4j-api\2.17.2\log4j-api-2.17.2.jar;C:\Users\ander\.m2\repository\org\slf4j\jul-to-slf4j\1.7.36\jul-to-slf4j-1.7.36.jar;C:\Users\ander\.m2\repository\jakarta\annotation\jakarta.annotation-api\1.3.5\jakarta.annotation-api-1.3.5.jar;C:\Users\ander\.m2\repository\org\yaml\snakeyaml\1.30\snakeyaml-1.30.jar;C:\Users\ander\.m2\repository\org\apache\tomcat\embed\tomcat-embed-el\9.0.80\tomcat-embed-el-9.0.80.jar;C:\Users\ander\.m2\repository\org\hibernate\validator\hibernate-validator\6.2.5.Final\hibernate-validator-6.2.5.Final.jar;C:\Users\ander\.m2\repository\jakarta\validation\jakarta.validation-api\2.0.2\jakarta.validation-api-2.0.2.jar;C:\Users\ander\.m2\repository\org\springframework\boot\spring-boot-starter-web\2.7.16\spring-boot-starter-web-2.7.16.jar;C:\Users\ander\.m2\repository\org\springframework\boot\spring-boot-starter-json\2.7.16\spring-boot-starter-json-2.7.16.jar;C:\Users\ander\.m2\repository\com\fasterxml\jackson\core\jackson-databind\2.13.5\jackson-databind-2.13.5.jar;C:\Users\ander\.m2\repository\com\fasterxml\jackson\core\jackson-annotations\2.13.5\jackson-annotations-2.13.5.jar;C:\Users\ander\.m2\repository\com\fasterxml\jackson\core\jackson-core\2.13.5\jackson-core-2.13.5.jar;C:\Users\ander\.m2\repository\com\fasterxml\jackson\datatype\jackson-datatype-jdk8\2.13.5\jackson-datatype-jdk8-2.13.5.jar;C:\Users\ander\.m2\repository\com\fasterxml\jackson\datatype\jackson-datatype-jsr310\2.13.5\jackson-datatype-jsr310-2.13.5.jar;C:\Users\ander\.m2\repository\com\fasterxml\jackson\module\jackson-module-parameter-names\2.13.5\jackson-module-parameter-names-2.13.5.jar;C:\Users\ander\.m2\repository\org\springframework\boot\spring-boot-starter-tomcat\2.7.16\spring-boot-starter-tomcat-2.7.16.jar;C:\Users\ander\.m2\repository\org\apache\tomcat\embed\tomcat-embed-core\9.0.80\tomcat-embed-core-9.0.80.jar;C:\Users\ander\.m2\repository\org\apache\tomcat\embed\tomcat-embed-websocket\9.0.80\tomcat-embed-websocket-9.0.80.jar;C:\Users\ander\.m2\repository\org\springframework\spring-web\5.3.30\spring-web-5.3.30.jar;C:\Users\ander\.m2\repository\org\springframework\spring-webmvc\5.3.30\spring-webmvc-5.3.30.jar;C:\Users\ander\.m2\repository\org\springframework\spring-expression\5.3.30\spring-expression-5.3.30.jar;C:\Users\ander\.m2\repository\org\springframework\boot\spring-boot-devtools\2.7.16\spring-boot-devtools-2.7.16.jar;C:\Users\ander\.m2\repository\org\springframework\boot\spring-boot\2.7.16\spring-boot-2.7.16.jar;C:\Users\ander\.m2\repository\org\springframework\boot\spring-boot-autoconfigure\2.7.16\spring-boot-autoconfigure-2.7.16.jar;C:\Users\ander\.m2\repository\org\postgresql\postgresql\42.3.8\postgresql-42.3.8.jar;C:\Users\ander\.m2\repository\org\checkerframework\checker-qual\3.5.0\checker-qual-3.5.0.jar;C:\Users\ander\.m2\repository\org\springframework\boot\spring-boot-starter-test\2.7.16\spring-boot-starter-test-2.7.16.jar;C:\Users\ander\.m2\repository\org\springframework\boot\spring-boot-test\2.7.16\spring-boot-test-2.7.16.jar;C:\Users\ander\.m2\repository\org\springframework\boot\spring-boot-test-autoconfigure\2.7.16\spring-boot-test-autoconfigure-2.7.16.jar;C:\Users\ander\.m2\repository\com\jayway\jsonpath\json-path\2.7.0\json-path-2.7.0.jar;C:\Users\ander\.m2\repository\net\minidev\json-smart\2.4.11\json-smart-2.4.11.jar;C:\Users\ander\.m2\repository\net\minidev\accessors-smart\2.4.11\accessors-smart-2.4.11.jar;C:\Users\ander\.m2\repository\org\ow2\asm\asm\9.3\asm-9.3.jar;C:\Users\ander\.m2\repository\jakarta\xml\bind\jakarta.xml.bind-api\2.3.3\jakarta.xml.bind-api-2.3.3.jar;C:\Users\ander\.m2\repository\jakarta\activation\jakarta.activation-api\1.2.2\jakarta.activation-api-1.2.2.jar;C:\Users\ander\.m2\repository\org\assertj\assertj-core\3.22.0\assertj-core-3.22.0.jar;C:\Users\ander\.m2\repository\org\hamcrest\hamcrest\2.2\hamcrest-2.2.jar;C:\Users\ander\.m2\repository\org\junit\jupiter\junit-jupiter\5.8.2\junit-jupiter-5.8.2.jar;C:\Users\ander\.m2\repository\org\junit\jupiter\junit-jupiter-api\5.8.2\junit-jupiter-api-5.8.2.jar;C:\Users\ander\.m2\repository\org\opentest4j\opentest4j\1.2.0\opentest4j-1.2.0.jar;C:\Users\ander\.m2\repository\org\junit\platform\junit-platform-commons\1.8.2\junit-platform-commons-1.8.2.jar;C:\Users\ander\.m2\repository\org\apiguardian\apiguardian-api\1.1.2\apiguardian-api-1.1.2.jar;C:\Users\ander\.m2\repository\org\junit\jupiter\junit-jupiter-params\5.8.2\junit-jupiter-params-5.8.2.jar;C:\Users\ander\.m2\repository\org\junit\jupiter\junit-jupiter-engine\5.8.2\junit-jupiter-engine-5.8.2.jar;C:\Users\ander\.m2\repository\org\junit\platform\junit-platform-engine\1.8.2\junit-platform-engine-1.8.2.jar;C:\Users\ander\.m2\repository\org\mockito\mockito-core\4.5.1\mockito-core-4.5.1.jar;C:\Users\ander\.m2\repository\net\bytebuddy\byte-buddy-agent\1.12.23\byte-buddy-agent-1.12.23.jar;C:\Users\ander\.m2\repository\org\objenesis\objenesis\3.2\objenesis-3.2.jar;C:\Users\ander\.m2\repository\org\mockito\mockito-junit-jupiter\4.5.1\mockito-junit-jupiter-4.5.1.jar;C:\Users\ander\.m2\repository\org\skyscreamer\jsonassert\1.5.1\jsonassert-1.5.1.jar;C:\Users\ander\.m2\repository\com\vaadin\external\google\android-json\0.0.20131108.vaadin1\android-json-0.0.20131108.vaadin1.jar;C:\Users\ander\.m2\repository\org\springframework\spring-core\5.3.30\spring-core-5.3.30.jar;C:\Users\ander\.m2\repository\org\springframework\spring-jcl\5.3.30\spring-jcl-5.3.30.jar;C:\Users\ander\.m2\repository\org\springframework\spring-test\5.3.30\spring-test-5.3.30.jar;C:\Users\ander\.m2\repository\org\xmlunit\xmlunit-core\2.9.1\xmlunit-core-2.9.1.jar;"/>
    <property name="java.vm.vendor" value="Eclipse Adoptium"/>
    <property name="sun.arch.data.model" value="64"/>
    <property name="user.variant" value=""/>
    <property name="java.vendor.url" value="https://adoptium.net/"/>
    <property name="user.timezone" value="America/Sao_Paulo"/>
    <property name="os.name" value="Windows 10"/>
    <property name="java.vm.specification.version" value="17"/>
    <property name="sun.java.launcher" value="SUN_STANDARD"/>
    <property name="user.country" value="BR"/>
    <property name="sun.boot.library.path" value="c:\Users\ander\AppData\Roaming\Code\User\globalStorage\pleiades.java-extension-pack-jdk\java\17\bin"/>
    <property name="sun.java.command" value="C:\Users\ander\AppData\Local\Temp\surefire13550260737770577370\surefirebooter12121893067361376836.jar C:\Users\ander\AppData\Local\Temp\surefire13550260737770577370 2023-10-18T11-17-03_887-jvmRun1 surefire6179594903466609829tmp surefire_08013231358349898810tmp"/>
    <property name="jdk.debug" value="release"/>
    <property name="surefire.test.class.path" value="C:\Users\ander\Desktop\Faculdade\PI\workspace\cursos\target\test-classes;C:\Users\ander\Desktop\Faculdade\PI\workspace\cursos\target\classes;C:\Users\ander\.m2\repository\org\springframework\boot\spring-boot-starter-data-jpa\2.7.16\spring-boot-starter-data-jpa-2.7.16.jar;C:\Users\ander\.m2\repository\org\springframework\boot\spring-boot-starter-aop\2.7.16\spring-boot-starter-aop-2.7.16.jar;C:\Users\ander\.m2\repository\org\springframework\spring-aop\5.3.30\spring-aop-5.3.30.jar;C:\Users\ander\.m2\repository\org\aspectj\aspectjweaver\1.9.7\aspectjweaver-1.9.7.jar;C:\Users\ander\.m2\repository\org\springframework\boot\spring-boot-starter-jdbc\2.7.16\spring-boot-starter-jdbc-2.7.16.jar;C:\Users\ander\.m2\repository\com\zaxxer\HikariCP\4.0.3\HikariCP-4.0.3.jar;C:\Users\ander\.m2\repository\org\springframework\spring-jdbc\5.3.30\spring-jdbc-5.3.30.jar;C:\Users\ander\.m2\repository\jakarta\transaction\jakarta.transaction-api\1.3.3\jakarta.transaction-api-1.3.3.jar;C:\Users\ander\.m2\repository\jakarta\persistence\jakarta.persistence-api\2.2.3\jakarta.persistence-api-2.2.3.jar;C:\Users\ander\.m2\repository\org\hibernate\hibernate-core\5.6.15.Final\hibernate-core-5.6.15.Final.jar;C:\Users\ander\.m2\repository\org\jboss\logging\jboss-logging\3.4.3.Final\jboss-logging-3.4.3.Final.jar;C:\Users\ander\.m2\repository\net\bytebuddy\byte-buddy\1.12.23\byte-buddy-1.12.23.jar;C:\Users\ander\.m2\repository\antlr\antlr\2.7.7\antlr-2.7.7.jar;C:\Users\ander\.m2\repository\org\jboss\jandex\2.4.2.Final\jandex-2.4.2.Final.jar;C:\Users\ander\.m2\repository\com\fasterxml\classmate\1.5.1\classmate-1.5.1.jar;C:\Users\ander\.m2\repository\org\hibernate\common\hibernate-commons-annotations\5.1.2.Final\hibernate-commons-annotations-5.1.2.Final.jar;C:\Users\ander\.m2\repository\org\glassfish\jaxb\jaxb-runtime\2.3.8\jaxb-runtime-2.3.8.jar;C:\Users\ander\.m2\repository\org\glassfish\jaxb\txw2\2.3.8\txw2-2.3.8.jar;C:\Users\ander\.m2\repository\com\sun\istack\istack-commons-runtime\3.0.12\istack-commons-runtime-3.0.12.jar;C:\Users\ander\.m2\repository\com\sun\activation\jakarta.activation\1.2.2\jakarta.activation-1.2.2.jar;C:\Users\ander\.m2\repository\org\springframework\data\spring-data-jpa\2.7.16\spring-data-jpa-2.7.16.jar;C:\Users\ander\.m2\repository\org\springframework\data\spring-data-commons\2.7.16\spring-data-commons-2.7.16.jar;C:\Users\ander\.m2\repository\org\springframework\spring-orm\5.3.30\spring-orm-5.3.30.jar;C:\Users\ander\.m2\repository\org\springframework\spring-context\5.3.30\spring-context-5.3.30.jar;C:\Users\ander\.m2\repository\org\springframework\spring-tx\5.3.30\spring-tx-5.3.30.jar;C:\Users\ander\.m2\repository\org\springframework\spring-beans\5.3.30\spring-beans-5.3.30.jar;C:\Users\ander\.m2\repository\org\slf4j\slf4j-api\1.7.36\slf4j-api-1.7.36.jar;C:\Users\ander\.m2\repository\org\springframework\spring-aspects\5.3.30\spring-aspects-5.3.30.jar;C:\Users\ander\.m2\repository\org\springframework\boot\spring-boot-starter-validation\2.7.16\spring-boot-starter-validation-2.7.16.jar;C:\Users\ander\.m2\repository\org\springframework\boot\spring-boot-starter\2.7.16\spring-boot-starter-2.7.16.jar;C:\Users\ander\.m2\repository\org\springframework\boot\spring-boot-starter-logging\2.7.16\spring-boot-starter-logging-2.7.16.jar;C:\Users\ander\.m2\repository\ch\qos\logback\logback-classic\1.2.12\logback-classic-1.2.12.jar;C:\Users\ander\.m2\repository\ch\qos\logback\logback-core\1.2.12\logback-core-1.2.12.jar;C:\Users\ander\.m2\repository\org\apache\logging\log4j\log4j-to-slf4j\2.17.2\log4j-to-slf4j-2.17.2.jar;C:\Users\ander\.m2\repository\org\apache\logging\log4j\log4j-api\2.17.2\log4j-api-2.17.2.jar;C:\Users\ander\.m2\repository\org\slf4j\jul-to-slf4j\1.7.36\jul-to-slf4j-1.7.36.jar;C:\Users\ander\.m2\repository\jakarta\annotation\jakarta.annotation-api\1.3.5\jakarta.annotation-api-1.3.5.jar;C:\Users\ander\.m2\repository\org\yaml\snakeyaml\1.30\snakeyaml-1.30.jar;C:\Users\ander\.m2\repository\org\apache\tomcat\embed\tomcat-embed-el\9.0.80\tomcat-embed-el-9.0.80.jar;C:\Users\ander\.m2\repository\org\hibernate\validator\hibernate-validator\6.2.5.Final\hibernate-validator-6.2.5.Final.jar;C:\Users\ander\.m2\repository\jakarta\validation\jakarta.validation-api\2.0.2\jakarta.validation-api-2.0.2.jar;C:\Users\ander\.m2\repository\org\springframework\boot\spring-boot-starter-web\2.7.16\spring-boot-starter-web-2.7.16.jar;C:\Users\ander\.m2\repository\org\springframework\boot\spring-boot-starter-json\2.7.16\spring-boot-starter-json-2.7.16.jar;C:\Users\ander\.m2\repository\com\fasterxml\jackson\core\jackson-databind\2.13.5\jackson-databind-2.13.5.jar;C:\Users\ander\.m2\repository\com\fasterxml\jackson\core\jackson-annotations\2.13.5\jackson-annotations-2.13.5.jar;C:\Users\ander\.m2\repository\com\fasterxml\jackson\core\jackson-core\2.13.5\jackson-core-2.13.5.jar;C:\Users\ander\.m2\repository\com\fasterxml\jackson\datatype\jackson-datatype-jdk8\2.13.5\jackson-datatype-jdk8-2.13.5.jar;C:\Users\ander\.m2\repository\com\fasterxml\jackson\datatype\jackson-datatype-jsr310\2.13.5\jackson-datatype-jsr310-2.13.5.jar;C:\Users\ander\.m2\repository\com\fasterxml\jackson\module\jackson-module-parameter-names\2.13.5\jackson-module-parameter-names-2.13.5.jar;C:\Users\ander\.m2\repository\org\springframework\boot\spring-boot-starter-tomcat\2.7.16\spring-boot-starter-tomcat-2.7.16.jar;C:\Users\ander\.m2\repository\org\apache\tomcat\embed\tomcat-embed-core\9.0.80\tomcat-embed-core-9.0.80.jar;C:\Users\ander\.m2\repository\org\apache\tomcat\embed\tomcat-embed-websocket\9.0.80\tomcat-embed-websocket-9.0.80.jar;C:\Users\ander\.m2\repository\org\springframework\spring-web\5.3.30\spring-web-5.3.30.jar;C:\Users\ander\.m2\repository\org\springframework\spring-webmvc\5.3.30\spring-webmvc-5.3.30.jar;C:\Users\ander\.m2\repository\org\springframework\spring-expression\5.3.30\spring-expression-5.3.30.jar;C:\Users\ander\.m2\repository\org\springframework\boot\spring-boot-devtools\2.7.16\spring-boot-devtools-2.7.16.jar;C:\Users\ander\.m2\repository\org\springframework\boot\spring-boot\2.7.16\spring-boot-2.7.16.jar;C:\Users\ander\.m2\repository\org\springframework\boot\spring-boot-autoconfigure\2.7.16\spring-boot-autoconfigure-2.7.16.jar;C:\Users\ander\.m2\repository\org\postgresql\postgresql\42.3.8\postgresql-42.3.8.jar;C:\Users\ander\.m2\repository\org\checkerframework\checker-qual\3.5.0\checker-qual-3.5.0.jar;C:\Users\ander\.m2\repository\org\springframework\boot\spring-boot-starter-test\2.7.16\spring-boot-starter-test-2.7.16.jar;C:\Users\ander\.m2\repository\org\springframework\boot\spring-boot-test\2.7.16\spring-boot-test-2.7.16.jar;C:\Users\ander\.m2\repository\org\springframework\boot\spring-boot-test-autoconfigure\2.7.16\spring-boot-test-autoconfigure-2.7.16.jar;C:\Users\ander\.m2\repository\com\jayway\jsonpath\json-path\2.7.0\json-path-2.7.0.jar;C:\Users\ander\.m2\repository\net\minidev\json-smart\2.4.11\json-smart-2.4.11.jar;C:\Users\ander\.m2\repository\net\minidev\accessors-smart\2.4.11\accessors-smart-2.4.11.jar;C:\Users\ander\.m2\repository\org\ow2\asm\asm\9.3\asm-9.3.jar;C:\Users\ander\.m2\repository\jakarta\xml\bind\jakarta.xml.bind-api\2.3.3\jakarta.xml.bind-api-2.3.3.jar;C:\Users\ander\.m2\repository\jakarta\activation\jakarta.activation-api\1.2.2\jakarta.activation-api-1.2.2.jar;C:\Users\ander\.m2\repository\org\assertj\assertj-core\3.22.0\assertj-core-3.22.0.jar;C:\Users\ander\.m2\repository\org\hamcrest\hamcrest\2.2\hamcrest-2.2.jar;C:\Users\ander\.m2\repository\org\junit\jupiter\junit-jupiter\5.8.2\junit-jupiter-5.8.2.jar;C:\Users\ander\.m2\repository\org\junit\jupiter\junit-jupiter-api\5.8.2\junit-jupiter-api-5.8.2.jar;C:\Users\ander\.m2\repository\org\opentest4j\opentest4j\1.2.0\opentest4j-1.2.0.jar;C:\Users\ander\.m2\repository\org\junit\platform\junit-platform-commons\1.8.2\junit-platform-commons-1.8.2.jar;C:\Users\ander\.m2\repository\org\apiguardian\apiguardian-api\1.1.2\apiguardian-api-1.1.2.jar;C:\Users\ander\.m2\repository\org\junit\jupiter\junit-jupiter-params\5.8.2\junit-jupiter-params-5.8.2.jar;C:\Users\ander\.m2\repository\org\junit\jupiter\junit-jupiter-engine\5.8.2\junit-jupiter-engine-5.8.2.jar;C:\Users\ander\.m2\repository\org\junit\platform\junit-platform-engine\1.8.2\junit-platform-engine-1.8.2.jar;C:\Users\ander\.m2\repository\org\mockito\mockito-core\4.5.1\mockito-core-4.5.1.jar;C:\Users\ander\.m2\repository\net\bytebuddy\byte-buddy-agent\1.12.23\byte-buddy-agent-1.12.23.jar;C:\Users\ander\.m2\repository\org\objenesis\objenesis\3.2\objenesis-3.2.jar;C:\Users\ander\.m2\repository\org\mockito\mockito-junit-jupiter\4.5.1\mockito-junit-jupiter-4.5.1.jar;C:\Users\ander\.m2\repository\org\skyscreamer\jsonassert\1.5.1\jsonassert-1.5.1.jar;C:\Users\ander\.m2\repository\com\vaadin\external\google\android-json\0.0.20131108.vaadin1\android-json-0.0.20131108.vaadin1.jar;C:\Users\ander\.m2\repository\org\springframework\spring-core\5.3.30\spring-core-5.3.30.jar;C:\Users\ander\.m2\repository\org\springframework\spring-jcl\5.3.30\spring-jcl-5.3.30.jar;C:\Users\ander\.m2\repository\org\springframework\spring-test\5.3.30\spring-test-5.3.30.jar;C:\Users\ander\.m2\repository\org\xmlunit\xmlunit-core\2.9.1\xmlunit-core-2.9.1.jar;"/>
    <property name="sun.cpu.endian" value="little"/>
    <property name="user.home" value="C:\Users\ander"/>
    <property name="user.language" value="pt"/>
    <property name="java.specification.vendor" value="Oracle Corporation"/>
    <property name="java.version.date" value="2023-08-24"/>
    <property name="java.home" value="c:\Users\ander\AppData\Roaming\Code\User\globalStorage\pleiades.java-extension-pack-jdk\java\17"/>
    <property name="file.separator" value="\"/>
    <property name="basedir" value="C:\Users\ander\Desktop\Faculdade\PI\workspace\cursos"/>
    <property name="java.vm.compressedOopsMode" value="32-bit"/>
    <property name="line.separator" value="&#10;"/>
    <property name="java.vm.specification.vendor" value="Oracle Corporation"/>
    <property name="java.specification.name" value="Java Platform API Specification"/>
    <property name="surefire.real.class.path" value="C:\Users\ander\AppData\Local\Temp\surefire13550260737770577370\surefirebooter12121893067361376836.jar"/>
    <property name="user.script" value=""/>
    <property name="sun.management.compiler" value="HotSpot 64-Bit Tiered Compilers"/>
    <property name="java.runtime.version" value="17.0.8.1+1"/>
    <property name="user.name" value="ander"/>
    <property name="path.separator" value=";"/>
    <property name="os.version" value="10.0"/>
    <property name="java.runtime.name" value="OpenJDK Runtime Environment"/>
    <property name="file.encoding" value="Cp1252"/>
    <property name="java.vm.name" value="OpenJDK 64-Bit Server VM"/>
    <property name="java.vendor.version" value="Temurin-17.0.8.1+1"/>
    <property name="localRepository" value="C:\Users\ander\.m2\repository"/>
    <property name="java.vendor.url.bug" value="https://github.com/adoptium/adoptium-support/issues"/>
    <property name="java.io.tmpdir" value="C:\Users\ander\AppData\Local\Temp\"/>
    <property name="java.version" value="17.0.8.1"/>
    <property name="user.dir" value="C:\Users\ander\Desktop\Faculdade\PI\workspace\cursos"/>
    <property name="os.arch" value="amd64"/>
    <property name="java.vm.specification.name" value="Java Virtual Machine Specification"/>
    <property name="sun.os.patch.level" value=""/>
    <property name="native.encoding" value="Cp1252"/>
    <property name="java.library.path" value="c:\Users\ander\AppData\Roaming\Code\User\globalStorage\pleiades.java-extension-pack-jdk\java\17\bin;C:\Windows\Sun\Java\bin;C:\Windows\system32;C:\Windows;c:\Users\ander\AppData\Roaming\Code\User\globalStorage\pleiades.java-extension-pack-jdk\java\17\bin;c:\Users\ander\AppData\Roaming\Code\User\globalStorage\pleiades.java-extension-pack-jdk\maven\latest\bin;c:\Users\ander\AppData\Roaming\Code\User\globalStorage\pleiades.java-extension-pack-jdk\gradle\latest\bin;C:\Program Files\NVIDIA GPU Computing Toolkit\CUDA\v12.2\bin;C:\Program Files\NVIDIA GPU Computing Toolkit\CUDA\v12.2\libnvvp;C:\Program Files\Eclipse Adoptium\jdk-11.0.20.8-hotspot\bin;C:\Program Files (x86)\Common Files\Oracle\Java\javapath;C:\Windows\system32;C:\Windows;C:\Windows\System32\Wbem;C:\Windows\System32\WindowsPowerShell\v1.0\;C:\Windows\System32\OpenSSH\;C:\Program Files (x86)\sqlite3;C:\Program Files\Java\jre1.8.0_321;C:\Program Files\Microsoft SQL Server\Client SDK\ODBC\170\Tools\Binn\;C:\Program Files (x86)\Microsoft SQL Server\150\Tools\Binn\;C:\Program Files\Microsoft SQL Server\150\Tools\Binn\;C:\Program Files\Microsoft SQL Server\150\DTS\Binn\;C:\Program Files (x86)\Microsoft SQL Server\150\DTS\Binn\;C:\Program Files\Azure Data Studio\bin;C:\Program Files\PostgreSQL\15\bin;;C:\Program Files\Docker\Docker\resources\bin;C:\Program Files\Calibre2\;C:\Program Files\NVIDIA Corporation\Nsight Compute 2023.2.2\;C:\Program Files (x86)\NVIDIA Corporation\PhysX\Common;C:\Program Files (x86)\Windows Kits\10\Windows Performance Toolkit\;C:\Users\ander\anaconda3;C:\Users\ander\anaconda3\Library\mingw-w64\bin;C:\Users\ander\anaconda3\Library\usr\bin;C:\Users\ander\anaconda3\Library\bin;C:\Users\ander\anaconda3\Scripts;C:\Users\ander\AppData\Local\Programs\Microsoft VS Code\bin;C:\Program Files (x86)\Microsoft Visual Studio\2022\BuildTools\VC\Tools\MSVC\14.37.32822\bin\Hostx64\x64;C:\Program Files (x86)\Microsoft Visual Studio\2022\BuildTools\VC\Tools\MSVC\14.37.32822\bin\Hostx64\x86;C:\Program Files (x86)\Microsoft Visual Studio\2022\BuildTools\VC\Tools\MSVC\14.37.32822\bin\Hostx86\x64;C:\Program Files (x86)\Microsoft Visual Studio\2022\BuildTools\VC\Tools\MSVC\14.37.32822\bin\Hostx86\x86;."/>
    <property name="java.vm.info" value="mixed mode, sharing"/>
    <property name="java.vendor" value="Eclipse Adoptium"/>
    <property name="java.vm.version" value="17.0.8.1+1"/>
    <property name="sun.io.unicode.encoding" value="UnicodeLittle"/>
    <property name="java.class.version" value="61.0"/>
  </properties>
  <testcase name="contextLoads" classname="br.unitau.inf.cursos.CursosApplicationTests" time="0.238"/>
</testsuite>